<?xml version="1.0" encoding="UTF-8"?>
<testsuite xmlns:xsi="http://www.w3.org/2001/XMLSchema-instance" xsi:noNamespaceSchemaLocation="https://maven.apache.org/surefire/maven-surefire-plugin/xsd/surefire-test-report.xsd" name="com.hzm.springboot.HzmSpringBootStarterAutoconfigurerApplicationTests" time="0.003" tests="0" errors="0" skipped="0" failures="0">
  <properties>
    <property name="sun.desktop" value="windows"/>
    <property name="awt.toolkit" value="sun.awt.windows.WToolkit"/>
    <property name="file.encoding.pkg" value="sun.io"/>
    <property name="java.specification.version" value="1.8"/>
    <property name="sun.cpu.isalist" value="amd64"/>
    <property name="sun.jnu.encoding" value="GBK"/>
    <property name="java.class.path" value="E:\IdeaProjects\atguigu-springboot\hzm-spring-boot-starter-autoconfigurer\target\test-classes;E:\IdeaProjects\atguigu-springboot\hzm-spring-boot-starter-autoconfigurer\target\classes;E:\Maven\maven_repository\org\springframework\boot\spring-boot-starter\2.1.7.RELEASE\spring-boot-starter-2.1.7.RELEASE.jar;E:\Maven\maven_repository\org\springframework\boot\spring-boot\2.1.7.RELEASE\spring-boot-2.1.7.RELEASE.jar;E:\Maven\maven_repository\org\springframework\spring-context\5.1.9.RELEASE\spring-context-5.1.9.RELEASE.jar;E:\Maven\maven_repository\org\springframework\spring-aop\5.1.9.RELEASE\spring-aop-5.1.9.RELEASE.jar;E:\Maven\maven_repository\org\springframework\spring-beans\5.1.9.RELEASE\spring-beans-5.1.9.RELEASE.jar;E:\Maven\maven_repository\org\springframework\spring-expression\5.1.9.RELEASE\spring-expression-5.1.9.RELEASE.jar;E:\Maven\maven_repository\org\springframework\boot\spring-boot-autoconfigure\2.1.7.RELEASE\spring-boot-autoconfigure-2.1.7.RELEASE.jar;E:\Maven\maven_repository\org\springframework\boot\spring-boot-starter-logging\2.1.7.RELEASE\spring-boot-starter-logging-2.1.7.RELEASE.jar;E:\Maven\maven_repository\ch\qos\logback\logback-classic\1.2.3\logback-classic-1.2.3.jar;E:\Maven\maven_repository\ch\qos\logback\logback-core\1.2.3\logback-core-1.2.3.jar;E:\Maven\maven_repository\org\slf4j\slf4j-api\1.7.26\slf4j-api-1.7.26.jar;E:\Maven\maven_repository\org\apache\logging\log4j\log4j-to-slf4j\2.11.2\log4j-to-slf4j-2.11.2.jar;E:\Maven\maven_repository\org\apache\logging\log4j\log4j-api\2.11.2\log4j-api-2.11.2.jar;E:\Maven\maven_repository\org\slf4j\jul-to-slf4j\1.7.26\jul-to-slf4j-1.7.26.jar;E:\Maven\maven_repository\javax\annotation\javax.annotation-api\1.3.2\javax.annotation-api-1.3.2.jar;E:\Maven\maven_repository\org\springframework\spring-core\5.1.9.RELEASE\spring-core-5.1.9.RELEASE.jar;E:\Maven\maven_repository\org\springframework\spring-jcl\5.1.9.RELEASE\spring-jcl-5.1.9.RELEASE.jar;E:\Maven\maven_repository\org\yaml\snakeyaml\1.23\snakeyaml-1.23.jar;"/>
    <property name="java.vm.vendor" value="Oracle Corporation"/>
    <property name="sun.arch.data.model" value="64"/>
    <property name="user.variant" value=""/>
    <property name="java.vendor.url" value="http://java.oracle.com/"/>
    <property name="user.timezone" value="GMT+08:00"/>
    <property name="java.vm.specification.version" value="1.8"/>
    <property name="os.name" value="Windows 10"/>
    <property name="user.country" value="CN"/>
    <property name="sun.java.launcher" value="SUN_STANDARD"/>
    <property name="sun.boot.library.path" value="E:\java\jdk8\jre\bin"/>
    <property name="sun.java.command" value="C:\Users\hzm\AppData\Local\Temp\surefire3731850547641386424\surefirebooter1951409809078769017.jar C:\Users\hzm\AppData\Local\Temp\surefire3731850547641386424 2019-08-13T20-09-09_641-jvmRun1 surefire8679001705876144262tmp surefire_04804611299858100931tmp"/>
    <property name="surefire.test.class.path" value="E:\IdeaProjects\atguigu-springboot\hzm-spring-boot-starter-autoconfigurer\target\test-classes;E:\IdeaProjects\atguigu-springboot\hzm-spring-boot-starter-autoconfigurer\target\classes;E:\Maven\maven_repository\org\springframework\boot\spring-boot-starter\2.1.7.RELEASE\spring-boot-starter-2.1.7.RELEASE.jar;E:\Maven\maven_repository\org\springframework\boot\spring-boot\2.1.7.RELEASE\spring-boot-2.1.7.RELEASE.jar;E:\Maven\maven_repository\org\springframework\spring-context\5.1.9.RELEASE\spring-context-5.1.9.RELEASE.jar;E:\Maven\maven_repository\org\springframework\spring-aop\5.1.9.RELEASE\spring-aop-5.1.9.RELEASE.jar;E:\Maven\maven_repository\org\springframework\spring-beans\5.1.9.RELEASE\spring-beans-5.1.9.RELEASE.jar;E:\Maven\maven_repository\org\springframework\spring-expression\5.1.9.RELEASE\spring-expression-5.1.9.RELEASE.jar;E:\Maven\maven_repository\org\springframework\boot\spring-boot-autoconfigure\2.1.7.RELEASE\spring-boot-autoconfigure-2.1.7.RELEASE.jar;E:\Maven\maven_repository\org\springframework\boot\spring-boot-starter-logging\2.1.7.RELEASE\spring-boot-starter-logging-2.1.7.RELEASE.jar;E:\Maven\maven_repository\ch\qos\logback\logback-classic\1.2.3\logback-classic-1.2.3.jar;E:\Maven\maven_repository\ch\qos\logback\logback-core\1.2.3\logback-core-1.2.3.jar;E:\Maven\maven_repository\org\slf4j\slf4j-api\1.7.26\slf4j-api-1.7.26.jar;E:\Maven\maven_repository\org\apache\logging\log4j\log4j-to-slf4j\2.11.2\log4j-to-slf4j-2.11.2.jar;E:\Maven\maven_repository\org\apache\logging\log4j\log4j-api\2.11.2\log4j-api-2.11.2.jar;E:\Maven\maven_repository\org\slf4j\jul-to-slf4j\1.7.26\jul-to-slf4j-1.7.26.jar;E:\Maven\maven_repository\javax\annotation\javax.annotation-api\1.3.2\javax.annotation-api-1.3.2.jar;E:\Maven\maven_repository\org\springframework\spring-core\5.1.9.RELEASE\spring-core-5.1.9.RELEASE.jar;E:\Maven\maven_repository\org\springframework\spring-jcl\5.1.9.RELEASE\spring-jcl-5.1.9.RELEASE.jar;E:\Maven\maven_repository\org\yaml\snakeyaml\1.23\snakeyaml-1.23.jar;"/>
    <property name="sun.cpu.endian" value="little"/>
    <property name="user.home" value="C:\Users\hzm"/>
    <property name="user.language" value="zh"/>
    <property name="java.specification.vendor" value="Oracle Corporation"/>
    <property name="java.home" value="E:\java\jdk8\jre"/>
    <property name="basedir" value="E:\IdeaProjects\atguigu-springboot\hzm-spring-boot-starter-autoconfigurer"/>
    <property name="file.separator" value="\"/>
    <property name="line.separator" value="&#10;"/>
    <property name="java.vm.specification.vendor" value="Oracle Corporation"/>
    <property name="java.specification.name" value="Java Platform API Specification"/>
    <property name="java.awt.graphicsenv" value="sun.awt.Win32GraphicsEnvironment"/>
    <property name="surefire.real.class.path" value="C:\Users\hzm\AppData\Local\Temp\surefire3731850547641386424\surefirebooter1951409809078769017.jar"/>
    <property name="sun.boot.class.path" value="E:\java\jdk8\jre\lib\resources.jar;E:\java\jdk8\jre\lib\rt.jar;E:\java\jdk8\jre\lib\sunrsasign.jar;E:\java\jdk8\jre\lib\jsse.jar;E:\java\jdk8\jre\lib\jce.jar;E:\java\jdk8\jre\lib\charsets.jar;E:\java\jdk8\jre\lib\jfr.jar;E:\java\jdk8\jre\classes"/>
    <property name="user.script" value=""/>
    <property name="sun.management.compiler" value="HotSpot 64-Bit Tiered Compilers"/>
    <property name="java.runtime.version" value="1.8.0_171-b11"/>
    <property name="user.name" value="hzm"/>
    <property name="path.separator" value=";"/>
    <property name="os.version" value="10.0"/>
    <property name="java.endorsed.dirs" value="E:\java\jdk8\jre\lib\endorsed"/>
    <property name="java.runtime.name" value="Java(TM) SE Runtime Environment"/>
    <property name="file.encoding" value="GBK"/>
    <property name="java.vm.name" value="Java HotSpot(TM) 64-Bit Server VM"/>
    <property name="localRepository" value="E:\Maven\maven_repository"/>
    <property name="java.vendor.url.bug" value="http://bugreport.sun.com/bugreport/"/>
    <property name="java.io.tmpdir" value="C:\Users\hzm\AppData\Local\Temp\"/>
    <property name="idea.version" value="2018.2.4"/>
    <property name="java.version" value="1.8.0_171"/>
    <property name="user.dir" value="E:\IdeaProjects\atguigu-springboot\hzm-spring-boot-starter-autoconfigurer"/>
    <property name="os.arch" value="amd64"/>
    <property name="java.vm.specification.name" value="Java Virtual Machine Specification"/>
    <property name="java.awt.printerjob" value="sun.awt.windows.WPrinterJob"/>
    <property name="sun.os.patch.level" value=""/>
    <property name="java.library.path" value="E:\java\jdk8\jre\bin;C:\Windows\Sun\Java\bin;C:\Windows\system32;C:\Windows;E:\oracle10g\bin;C:\Program Files (x86)\Common Files\Oracle\Java\javapath;E:\java\jre8\bin;E:\java\jdk8\bin;C:\Program Files (x86)\Intel\Intel(R) Management Engine Components\iCLS\;C:\Program Files\Intel\Intel(R) Management Engine Components\iCLS\;C:\Windows\system32;C:\Windows;C:\Windows\System32\Wbem;C:\Windows\System32\WindowsPowerShell\v1.0\;C:\Windows\System32\OpenSSH\;C:\Program Files (x86)\NVIDIA Corporation\PhysX\Common;C:\Program Files\Intel\WiFi\bin\;C:\Program Files\Common Files\Intel\WirelessCommon\;C:\Program Files (x86)\Intel\Intel(R) Management Engine Components\DAL;C:\Program Files\Intel\Intel(R) Management Engine Components\DAL;C:\Program Files (x86)\Intel\Intel(R) Management Engine Components\IPT;C:\Program Files\Intel\Intel(R) Management Engine Components\IPT;E:\matlab\runtime\win64;E:\matlab\bin;C:\Program Files\MySQL\MySQL Server 5.5\bin;E:\git\Git\cmd;C:\Program Files\Microsoft SQL Server\130\Tools\Binn\;C:\Program Files\dotnet\;E:\Opencv\opencv\build\x64\vc15\bin;E:\Maven\apache-maven-3.5.2\bin;E:\node.js\;C:\Users\hzm\AppData\Local\Microsoft\WindowsApps;C:\Program Files\Bandizip\;E:\MingV\mingw32\bin;D:\服务器\mqtt\apache-apollo-1.7.1\bin;C:\Users\hzm\AppData\Roaming\npm;."/>
    <property name="java.vm.info" value="mixed mode"/>
    <property name="java.vendor" value="Oracle Corporation"/>
    <property name="java.vm.version" value="25.171-b11"/>
    <property name="java.ext.dirs" value="E:\java\jdk8\jre\lib\ext;C:\Windows\Sun\Java\lib\ext"/>
    <property name="sun.io.unicode.encoding" value="UnicodeLittle"/>
    <property name="maven.repo.local" value="E:\Maven\maven_repository"/>
    <property name="java.class.version" value="52.0"/>
  </properties>
</testsuite>